â•â•â•â•â•â•â•â•â•â•â•â•â•â•â•â•â•â•â•â•â•â•â•â•â•â•â•â•â•â•â•â•â•â•â•â•â•â•â•â•â•â•â•â•â•â•â•
  Idle Factory çµ±åˆãƒ†ã‚¹ãƒˆãƒ¬ãƒãƒ¼ãƒˆ
  Mode: quick
  Date: 2026å¹´  1æœˆ  2æ—¥ é‡‘æ›œæ—¥ 01:28:50 UTC
â•â•â•â•â•â•â•â•â•â•â•â•â•â•â•â•â•â•â•â•â•â•â•â•â•â•â•â•â•â•â•â•â•â•â•â•â•â•â•â•â•â•â•â•â•â•â•

[0;34m[TEST][0m â”â”â” Unit Tests (cargo test) â”â”â”
test test_slot_inventory_full ... ok
test test_custom_system_event_handling ... ok
test test_zipper_merge ... ok
test test_quest_progress_event_chain ... ok
test test_slot_inventory_add_stacks ... ok
test test_inventory_stacking_in_app ... ok
test test_events_consumed_after_read ... ok
test test_ui_blocks_hotbar_scroll ... ok
test test_slot_inventory_consume_selected ... ok
test test_multiple_blocks_mining ... ok
test test_world_generation ... ok

test result: ok. 113 passed; 0 failed; 0 ignored; 0 measured; 0 filtered out; finished in 0.02s

   Doc-tests idle_factory

running 0 tests

test result: ok. 0 passed; 0 failed; 0 ignored; 0 measured; 0 filtered out; finished in 0.00s

[0;32m[TEST][0m âœ“ Unit Tests (cargo test): PASSED

[0;34m[TEST][0m â”â”â” Clippy (lint check) â”â”â”
No warnings
[0;32m[TEST][0m âœ“ Clippy (lint check): PASSED

[0;34m[TEST][0m â”â”â” Smoke Test (startup) â”â”â”
[0;32m[SMOKE][0m === Smoke Test ===
[0;32m[SMOKE][0m Timeout: 15s
[0;31m[TEST][0m âœ— Smoke Test (startup): FAILED

[0;34m[TEST][0m â”â”â” E2E Quick Test â”â”â”
[0;32m[E2E][0m === åŸºæœ¬ãƒ†ã‚¹ãƒˆï¼ˆ6æšï¼‰ ===
[0;32m[E2E][0m ã‚²ãƒ¼ãƒ èµ·å‹•ä¸­...
[0;31m[TEST][0m âœ— E2E Quick Test: FAILED

[0;34m[TEST][0m â”â”â” Visual Regression â”â”â”
[0;32m[VRT][0m === Visual Regression Check ===
[1;33m[VRT][0m MISSING: 01_initial.png (no verify screenshot)
[1;33m[VRT][0m MISSING: 02_started.png (no verify screenshot)
[1;33m[VRT][0m MISSING: 03_inventory.png (no verify screenshot)
[1;33m[VRT][0m MISSING: 04_closed.png (no verify screenshot)
[1;33m[VRT][0m MISSING: 05_debug.png (no verify screenshot)
[1;33m[VRT][0m MISSING: 06_conveyor_mode.png (no verify screenshot)
[1;33m[VRT][0m NEW: *.png (not in baseline)

[0;32m[VRT][0m === Results ===
[0;32m[VRT][0m Passed: 0
[1;33m[VRT][0m Missing: 6
[0;32m[VRT][0m All visual checks passed!
[0;32m[TEST][0m âœ“ Visual Regression: PASSED

[0;34m[TEST][0m â”â”â” Fuzz Test â”â”â”
[1;33m[TEST][0m SKIPPED: Fuzz Test
[0;34m[TEST][0m â”â”â” Scenario Test â”â”â”
[1;33m[TEST][0m SKIPPED: Scenario Test

â•â•â•â•â•â•â•â•â•â•â•â•â•â•â•â•â•â•â•â•â•â•â•â•â•â•â•â•â•â•â•â•â•â•â•â•â•â•â•â•â•â•â•â•â•â•â•
  ãƒ†ã‚¹ãƒˆçµæœã‚µãƒãƒªãƒ¼
â•â•â•â•â•â•â•â•â•â•â•â•â•â•â•â•â•â•â•â•â•â•â•â•â•â•â•â•â•â•â•â•â•â•â•â•â•â•â•â•â•â•â•â•â•â•â•
[0;32m[TEST][0m Passed:  3
[0;31m[TEST][0m Failed:  2
[1;33m[TEST][0m Skipped: 2

[0;32m[TEST][0m Report: /home/bacon/idle_factory/test_reports/report_20260102_012850.txt
[0;31m[TEST][0m Some tests failed!
